  physicsProject.cpp
C:\Users\theow\source\repos\physicsProject - Copy\physicsProject\matrix_calculations.h(13,20): warning C4018: '<': signed/unsigned mismatch
C:\Users\theow\source\repos\physicsProject - Copy\physicsProject\matrix_calculations.h(16,21): warning C4018: '<': signed/unsigned mismatch
C:\Users\theow\source\repos\physicsProject - Copy\physicsProject\matrix_calculations.h(24,20): warning C4018: '<': signed/unsigned mismatch
C:\Users\theow\source\repos\physicsProject - Copy\physicsProject\matrix_calculations.h(26,21): warning C4018: '<': signed/unsigned mismatch
C:\Users\theow\source\repos\physicsProject - Copy\physicsProject\matrix_calculations.h(29,23): warning C4018: '<': signed/unsigned mismatch
C:\Users\theow\source\repos\physicsProject - Copy\physicsProject\softwareRenderer.h(41,1): warning C4305: 'argument': truncation from 'double' to 'float'
C:\Users\theow\source\repos\physicsProject - Copy\physicsProject\softwareRenderer.h(52,1): warning C4305: 'argument': truncation from 'double' to 'T'
          with
          [
              T=float
          ]
C:\Users\theow\source\repos\physicsProject - Copy\physicsProject\softwareRenderer.h(57,1): warning C4305: 'argument': truncation from 'double' to 'T'
          with
          [
              T=float
          ]
C:\Users\theow\source\repos\physicsProject - Copy\physicsProject\softwareRenderer.h(63,21): warning C4018: '<': signed/unsigned mismatch
C:\Users\theow\source\repos\physicsProject - Copy\physicsProject\softwareRenderer.h(66,1): warning C4305: 'argument': truncation from 'double' to 'float'
C:\Users\theow\source\repos\physicsProject - Copy\physicsProject\softwareRenderer.h(81,58): warning C4244: 'argument': conversion from 'T' to 'T', possible loss of data
          with
          [
              T=float
          ]
          and
          [
              T=int
          ]
C:\Users\theow\source\repos\physicsProject - Copy\physicsProject\softwareRenderer.h(81,47): warning C4244: 'argument': conversion from 'T' to 'T', possible loss of data
          with
          [
              T=float
          ]
          and
          [
              T=int
          ]
C:\Users\theow\source\repos\physicsProject - Copy\physicsProject\softwareRenderer.h(89,1): warning C4244: '+=': conversion from 'double' to '_Ty', possible loss of data
          with
          [
              _Ty=float
          ]
C:\Users\theow\source\repos\physicsProject - Copy\physicsProject\softwareRenderer.h(90,1): warning C4244: '+=': conversion from 'double' to '_Ty', possible loss of data
          with
          [
              _Ty=float
          ]
C:\Users\theow\source\repos\physicsProject - Copy\physicsProject\softwareRenderer.h(91,1): warning C4244: '+=': conversion from 'double' to '_Ty', possible loss of data
          with
          [
              _Ty=float
          ]
C:\Users\theow\source\repos\physicsProject - Copy\physicsProject\softwareRenderer.h(94,1): warning C4244: '-=': conversion from 'double' to '_Ty', possible loss of data
          with
          [
              _Ty=float
          ]
C:\Users\theow\source\repos\physicsProject - Copy\physicsProject\softwareRenderer.h(95,1): warning C4244: '-=': conversion from 'double' to '_Ty', possible loss of data
          with
          [
              _Ty=float
          ]
C:\Users\theow\source\repos\physicsProject - Copy\physicsProject\softwareRenderer.h(96,1): warning C4244: '-=': conversion from 'double' to '_Ty', possible loss of data
          with
          [
              _Ty=float
          ]
C:\Users\theow\source\repos\physicsProject - Copy\physicsProject\softwareRenderer.h(99,1): warning C4244: '+=': conversion from 'double' to '_Ty', possible loss of data
          with
          [
              _Ty=float
          ]
C:\Users\theow\source\repos\physicsProject - Copy\physicsProject\softwareRenderer.h(100,1): warning C4244: '+=': conversion from 'double' to '_Ty', possible loss of data
          with
          [
              _Ty=float
          ]
C:\Users\theow\source\repos\physicsProject - Copy\physicsProject\softwareRenderer.h(101,1): warning C4244: '+=': conversion from 'double' to '_Ty', possible loss of data
          with
          [
              _Ty=float
          ]
C:\Users\theow\source\repos\physicsProject - Copy\physicsProject\softwareRenderer.h(104,1): warning C4244: '-=': conversion from 'double' to '_Ty', possible loss of data
          with
          [
              _Ty=float
          ]
C:\Users\theow\source\repos\physicsProject - Copy\physicsProject\softwareRenderer.h(105,1): warning C4244: '-=': conversion from 'double' to '_Ty', possible loss of data
          with
          [
              _Ty=float
          ]
C:\Users\theow\source\repos\physicsProject - Copy\physicsProject\softwareRenderer.h(106,1): warning C4244: '-=': conversion from 'double' to '_Ty', possible loss of data
          with
          [
              _Ty=float
          ]
C:\Users\theow\source\repos\physicsProject - Copy\physicsProject\softwareRenderer.h(110,1): warning C4305: 'argument': truncation from 'double' to 'float'
C:\Users\theow\source\repos\physicsProject - Copy\physicsProject\softwareRenderer.h(113,1): warning C4305: 'argument': truncation from 'double' to 'float'
C:\Users\theow\source\repos\physicsProject - Copy\physicsProject\softwareRenderer.h(118,1): warning C4305: 'argument': truncation from 'double' to 'float'
C:\Users\theow\source\repos\physicsProject - Copy\physicsProject\softwareRenderer.h(121,1): warning C4305: 'argument': truncation from 'double' to 'float'
C:\Users\theow\source\repos\physicsProject - Copy\physicsProject\softwareRenderer.h(141,12): warning C4244: '=': conversion from 'float' to 'int', possible loss of data
C:\Users\theow\source\repos\physicsProject - Copy\physicsProject\axesFunction.h(27,20): warning C4018: '<': signed/unsigned mismatch
C:\Users\theow\source\repos\physicsProject - Copy\physicsProject\axesFunction.h(32,20): warning C4018: '<': signed/unsigned mismatch
C:\Users\theow\source\repos\physicsProject - Copy\physicsProject\axesFunction.h(34,56): warning C4554: '|': check operator precedence for possible error; use parentheses to clarify precedence
C:\Users\theow\source\repos\physicsProject - Copy\physicsProject\axesFunction.h(46,57): warning C4244: 'argument': conversion from '_Ty' to 'const unsigned int', possible loss of data
          with
          [
              _Ty=float
          ]
C:\Users\theow\source\repos\physicsProject - Copy\physicsProject\axesFunction.h(46,87): warning C4244: 'argument': conversion from '_Ty' to 'const unsigned int', possible loss of data
          with
          [
              _Ty=float
          ]
C:\Users\theow\source\repos\physicsProject - Copy\physicsProject\axesFunction.h(48,20): warning C4018: '<': signed/unsigned mismatch
C:\Users\theow\source\repos\physicsProject - Copy\physicsProject\axesFunction.h(50,30): warning C4244: 'argument': conversion from '_Ty' to 'const unsigned int', possible loss of data
          with
          [
              _Ty=float
          ]
C:\Users\theow\source\repos\physicsProject - Copy\physicsProject\axesFunction.h(51,27): warning C4244: 'argument': conversion from '_Ty' to 'const unsigned int', possible loss of data
          with
          [
              _Ty=float
          ]
C:\Users\theow\source\repos\physicsProject - Copy\physicsProject\axesFunction.h(52,27): warning C4244: 'argument': conversion from '_Ty' to 'const unsigned int', possible loss of data
          with
          [
              _Ty=float
          ]
C:\Users\theow\source\repos\physicsProject - Copy\physicsProject\axesFunction.h(53,27): warning C4244: 'argument': conversion from '_Ty' to 'const unsigned int', possible loss of data
          with
          [
              _Ty=float
          ]
C:\Users\theow\source\repos\physicsProject - Copy\physicsProject\axesFunction.h(55,59): warning C4244: 'argument': conversion from '_Ty' to 'const unsigned int', possible loss of data
          with
          [
              _Ty=float
          ]
C:\Users\theow\source\repos\physicsProject - Copy\physicsProject\axesFunction.h(55,89): warning C4244: 'argument': conversion from '_Ty' to 'const unsigned int', possible loss of data
          with
          [
              _Ty=float
          ]
C:\Users\theow\source\repos\physicsProject - Copy\physicsProject\classFunctions.h(60,20): warning C4018: '<': signed/unsigned mismatch
C:\Users\theow\source\repos\physicsProject - Copy\physicsProject\classFunctions.h(83,20): warning C4018: '<': signed/unsigned mismatch
C:\Users\theow\source\repos\physicsProject - Copy\physicsProject\classFunctions.h(86,38): warning C4244: 'argument': conversion from '_Ty' to 'const unsigned int', possible loss of data
          with
          [
              _Ty=float
          ]
C:\Users\theow\source\repos\physicsProject - Copy\physicsProject\classFunctions.h(87,28): warning C4244: 'argument': conversion from '_Ty' to 'const unsigned int', possible loss of data
          with
          [
              _Ty=float
          ]
C:\Users\theow\source\repos\physicsProject - Copy\physicsProject\classFunctions.h(88,28): warning C4244: 'argument': conversion from '_Ty' to 'const unsigned int', possible loss of data
          with
          [
              _Ty=float
          ]
C:\Users\theow\source\repos\physicsProject - Copy\physicsProject\classFunctions.h(97,24): warning C4244: 'argument': conversion from '_Ty' to 'const unsigned int', possible loss of data
          with
          [
              _Ty=float
          ]
C:\Users\theow\source\repos\physicsProject - Copy\physicsProject\classFunctions.h(97,52): warning C4244: 'argument': conversion from '_Ty' to 'const unsigned int', possible loss of data
          with
          [
              _Ty=float
          ]
C:\Users\theow\source\repos\physicsProject - Copy\physicsProject\classFunctions.h(98,24): warning C4244: 'argument': conversion from '_Ty' to 'const unsigned int', possible loss of data
          with
          [
              _Ty=float
          ]
C:\Users\theow\source\repos\physicsProject - Copy\physicsProject\classFunctions.h(98,52): warning C4244: 'argument': conversion from '_Ty' to 'const unsigned int', possible loss of data
          with
          [
              _Ty=float
          ]
C:\Users\theow\source\repos\physicsProject - Copy\physicsProject\classFunctions.h(99,24): warning C4244: 'argument': conversion from '_Ty' to 'const unsigned int', possible loss of data
          with
          [
              _Ty=float
          ]
C:\Users\theow\source\repos\physicsProject - Copy\physicsProject\classFunctions.h(99,52): warning C4244: 'argument': conversion from '_Ty' to 'const unsigned int', possible loss of data
          with
          [
              _Ty=float
          ]
C:\Users\theow\source\repos\physicsProject - Copy\physicsProject\classFunctions.h(102,24): warning C4244: 'argument': conversion from '_Ty' to 'const unsigned int', possible loss of data
          with
          [
              _Ty=float
          ]
C:\Users\theow\source\repos\physicsProject - Copy\physicsProject\classFunctions.h(102,52): warning C4244: 'argument': conversion from '_Ty' to 'const unsigned int', possible loss of data
          with
          [
              _Ty=float
          ]
C:\Users\theow\source\repos\physicsProject - Copy\physicsProject\classFunctions.h(103,24): warning C4244: 'argument': conversion from '_Ty' to 'const unsigned int', possible loss of data
          with
          [
              _Ty=float
          ]
C:\Users\theow\source\repos\physicsProject - Copy\physicsProject\classFunctions.h(103,52): warning C4244: 'argument': conversion from '_Ty' to 'const unsigned int', possible loss of data
          with
          [
              _Ty=float
          ]
C:\Users\theow\source\repos\physicsProject - Copy\physicsProject\classFunctions.h(104,24): warning C4244: 'argument': conversion from '_Ty' to 'const unsigned int', possible loss of data
          with
          [
              _Ty=float
          ]
C:\Users\theow\source\repos\physicsProject - Copy\physicsProject\classFunctions.h(104,52): warning C4244: 'argument': conversion from '_Ty' to 'const unsigned int', possible loss of data
          with
          [
              _Ty=float
          ]
C:\Users\theow\source\repos\physicsProject - Copy\physicsProject\classFunctions.h(108,19): warning C4244: 'initializing': conversion from 'double' to 'float', possible loss of data
C:\Users\theow\source\repos\physicsProject - Copy\physicsProject\classFunctions.h(133,20): warning C4018: '<': signed/unsigned mismatch
C:\Users\theow\source\repos\physicsProject - Copy\physicsProject\classFunctions.h(138,20): warning C4018: '<': signed/unsigned mismatch
C:\Users\theow\source\repos\physicsProject - Copy\physicsProject\classFunctions.h(140,56): warning C4554: '|': check operator precedence for possible error; use parentheses to clarify precedence
C:\Users\theow\source\repos\physicsProject - Copy\physicsProject\classFunctions.h(179,20): warning C4018: '<': signed/unsigned mismatch
C:\Users\theow\source\repos\physicsProject - Copy\physicsProject\classFunctions.h(184,20): warning C4018: '<': signed/unsigned mismatch
C:\Users\theow\source\repos\physicsProject - Copy\physicsProject\classFunctions.h(186,56): warning C4554: '|': check operator precedence for possible error; use parentheses to clarify precedence
C:\Users\theow\source\repos\physicsProject - Copy\physicsProject\classFunctions.h(197,20): warning C4018: '<': signed/unsigned mismatch
C:\Users\theow\source\repos\physicsProject - Copy\physicsProject\classFunctions.h(200,22): warning C4018: '<': signed/unsigned mismatch
C:\Users\theow\source\repos\physicsProject - Copy\physicsProject\classFunctions.h(202,32): warning C4244: 'argument': conversion from '_Ty' to 'const unsigned int', possible loss of data
          with
          [
              _Ty=float
          ]
C:\Users\theow\source\repos\physicsProject - Copy\physicsProject\classFunctions.h(202,85): warning C4244: 'argument': conversion from '_Ty' to 'const unsigned int', possible loss of data
          with
          [
              _Ty=float
          ]
C:\Users\theow\source\repos\physicsProject - Copy\physicsProject\classFunctions.h(202,142): warning C4244: 'argument': conversion from '_Ty' to 'const unsigned int', possible loss of data
          with
          [
              _Ty=float
          ]
C:\Users\theow\source\repos\physicsProject - Copy\physicsProject\classFunctions.h(202,199): warning C4244: 'argument': conversion from '_Ty' to 'const unsigned int', possible loss of data
          with
          [
              _Ty=float
          ]
C:\Users\theow\source\repos\physicsProject - Copy\physicsProject\classFunctions.h(204,61): warning C4244: 'argument': conversion from '_Ty' to 'const unsigned int', possible loss of data
          with
          [
              _Ty=float
          ]
C:\Users\theow\source\repos\physicsProject - Copy\physicsProject\classFunctions.h(204,91): warning C4244: 'argument': conversion from '_Ty' to 'const unsigned int', possible loss of data
          with
          [
              _Ty=float
          ]
C:\Users\theow\source\repos\physicsProject - Copy\physicsProject\classFunctions.h(205,65): warning C4244: 'argument': conversion from '_Ty' to 'const unsigned int', possible loss of data
          with
          [
              _Ty=float
          ]
C:\Users\theow\source\repos\physicsProject - Copy\physicsProject\classFunctions.h(205,99): warning C4244: 'argument': conversion from '_Ty' to 'const unsigned int', possible loss of data
          with
          [
              _Ty=float
          ]
C:\Users\theow\source\repos\physicsProject - Copy\physicsProject\classFunctions.h(219,20): warning C4018: '<': signed/unsigned mismatch
  physicsProject.vcxproj -> C:\Users\theow\source\repos\physicsProject - Copy\Debug\physicsProject.exe
